<?xml version="1.0" encoding="UTF-8"?>
<coverage generated="1654098940386" clover="3.2.0">
  <project timestamp="1654098940387" name="All files">
    <metrics statements="99" coveredstatements="95" conditionals="64" coveredconditionals="59" methods="21" coveredmethods="21" elements="184" coveredelements="175" complexity="0" loc="99" ncloc="99" packages="2" files="7" classes="7"/>
    <package name="formatters">
      <metrics statements="62" coveredstatements="60" conditionals="32" coveredconditionals="30" methods="15" coveredmethods="15"/>
      <file name="index.js" path="/home/nikolai/backend-project-lvl2/formatters/index.js">
        <metrics statements="8" coveredstatements="8" conditionals="8" coveredconditionals="8" methods="1" coveredmethods="1"/>
        <line num="5" count="1" type="stmt"/>
        <line num="6" count="25" type="cond" truecount="2" falsecount="0"/>
        <line num="7" count="6" type="stmt"/>
        <line num="9" count="19" type="cond" truecount="2" falsecount="0"/>
        <line num="10" count="6" type="stmt"/>
        <line num="12" count="13" type="cond" truecount="4" falsecount="0"/>
        <line num="13" count="12" type="stmt"/>
        <line num="15" count="1" type="stmt"/>
      </file>
      <file name="json.js" path="/home/nikolai/backend-project-lvl2/formatters/json.js">
        <metrics statements="1" coveredstatements="1" conditionals="0" coveredconditionals="0" methods="1" coveredmethods="1"/>
        <line num="1" count="6" type="stmt"/>
      </file>
      <file name="plain.js" path="/home/nikolai/backend-project-lvl2/formatters/plain.js">
        <metrics statements="24" coveredstatements="23" conditionals="13" coveredconditionals="12" methods="7" coveredmethods="7"/>
        <line num="3" count="1" type="stmt"/>
        <line num="4" count="78" type="cond" truecount="2" falsecount="0"/>
        <line num="5" count="18" type="stmt"/>
        <line num="6" count="60" type="cond" truecount="2" falsecount="0"/>
        <line num="7" count="42" type="stmt"/>
        <line num="9" count="18" type="stmt"/>
        <line num="12" count="1" type="stmt"/>
        <line num="13" count="108" type="cond" truecount="2" falsecount="0"/>
        <line num="14" count="24" type="stmt"/>
        <line num="16" count="84" type="stmt"/>
        <line num="19" count="1" type="stmt"/>
        <line num="20" count="6" type="stmt"/>
        <line num="21" count="24" type="cond" truecount="1" falsecount="0"/>
        <line num="24" count="108" type="stmt"/>
        <line num="25" count="108" type="stmt"/>
        <line num="26" count="108" type="cond" truecount="5" falsecount="1"/>
        <line num="28" count="30" type="stmt"/>
        <line num="30" count="12" type="stmt"/>
        <line num="32" count="24" type="stmt"/>
        <line num="34" count="18" type="stmt"/>
        <line num="36" count="84" type="stmt"/>
        <line num="38" count="0" type="stmt"/>
        <line num="41" count="24" type="stmt"/>
        <line num="43" count="6" type="stmt"/>
      </file>
      <file name="stylish.js" path="/home/nikolai/backend-project-lvl2/formatters/stylish.js">
        <metrics statements="29" coveredstatements="28" conditionals="11" coveredconditionals="10" methods="6" coveredmethods="6"/>
        <line num="3" count="1" type="stmt"/>
        <line num="4" count="1" type="stmt"/>
        <line num="5" count="1" type="stmt"/>
        <line num="6" count="1" type="stmt"/>
        <line num="8" count="588" type="cond" truecount="1" falsecount="0"/>
        <line num="10" count="1" type="stmt"/>
        <line num="11" count="252" type="cond" truecount="2" falsecount="0"/>
        <line num="12" count="168" type="stmt"/>
        <line num="14" count="84" type="stmt"/>
        <line num="15" count="84" type="stmt"/>
        <line num="16" count="84" type="stmt"/>
        <line num="17" count="108" type="cond" truecount="2" falsecount="0"/>
        <line num="18" count="36" type="stmt"/>
        <line num="20" count="72" type="stmt"/>
        <line num="22" count="84" type="stmt"/>
        <line num="25" count="1" type="stmt"/>
        <line num="26" count="12" type="stmt"/>
        <line num="27" count="60" type="stmt"/>
        <line num="28" count="60" type="stmt"/>
        <line num="31" count="216" type="stmt"/>
        <line num="32" count="216" type="cond" truecount="5" falsecount="1"/>
        <line num="34" count="60" type="stmt"/>
        <line num="36" count="24" type="stmt"/>
        <line num="38" count="48" type="stmt"/>
        <line num="41" count="36" type="stmt"/>
        <line num="43" count="48" type="stmt"/>
        <line num="45" count="0" type="stmt"/>
        <line num="48" count="60" type="stmt"/>
        <line num="50" count="12" type="stmt"/>
      </file>
    </package>
    <package name="src">
      <metrics statements="37" coveredstatements="35" conditionals="32" coveredconditionals="29" methods="6" coveredmethods="6"/>
      <file name="index.js" path="/home/nikolai/backend-project-lvl2/src/index.js">
        <metrics statements="7" coveredstatements="7" conditionals="0" coveredconditionals="0" methods="1" coveredmethods="1"/>
        <line num="5" count="1" type="stmt"/>
        <line num="6" count="25" type="stmt"/>
        <line num="7" count="25" type="stmt"/>
        <line num="8" count="25" type="stmt"/>
        <line num="9" count="25" type="stmt"/>
        <line num="10" count="25" type="stmt"/>
        <line num="11" count="25" type="stmt"/>
      </file>
      <file name="parsers.js" path="/home/nikolai/backend-project-lvl2/src/parsers.js">
        <metrics statements="9" coveredstatements="9" conditionals="8" coveredconditionals="8" methods="2" coveredmethods="2"/>
        <line num="5" count="50" type="stmt"/>
        <line num="7" count="1" type="stmt"/>
        <line num="8" count="51" type="cond" truecount="4" falsecount="0"/>
        <line num="9" count="18" type="stmt"/>
        <line num="11" count="33" type="cond" truecount="2" falsecount="0"/>
        <line num="12" count="16" type="stmt"/>
        <line num="14" count="17" type="cond" truecount="2" falsecount="0"/>
        <line num="15" count="16" type="stmt"/>
        <line num="17" count="1" type="stmt"/>
      </file>
      <file name="tree.js" path="/home/nikolai/backend-project-lvl2/src/tree.js">
        <metrics statements="21" coveredstatements="19" conditionals="24" coveredconditionals="21" methods="3" coveredmethods="3"/>
        <line num="3" count="1" type="stmt"/>
        <line num="4" count="125" type="stmt"/>
        <line num="5" count="125" type="stmt"/>
        <line num="6" count="125" type="stmt"/>
        <line num="7" count="450" type="cond" truecount="4" falsecount="0"/>
        <line num="8" count="100" type="stmt"/>
        <line num="10" count="350" type="cond" truecount="4" falsecount="0"/>
        <line num="11" count="175" type="cond" truecount="2" falsecount="0"/>
        <line num="12" count="75" type="stmt"/>
        <line num="14" count="100" type="cond" truecount="1" falsecount="1"/>
        <line num="15" count="100" type="stmt"/>
        <line num="20" count="175" type="cond" truecount="4" falsecount="0"/>
        <line num="21" count="50" type="stmt"/>
        <line num="23" count="125" type="cond" truecount="3" falsecount="1"/>
        <line num="24" count="125" type="stmt"/>
        <line num="26" count="0" type="stmt"/>
        <line num="28" count="525" type="cond" truecount="2" falsecount="0"/>
        <line num="29" count="350" type="stmt"/>
        <line num="31" count="175" type="cond" truecount="1" falsecount="1"/>
        <line num="32" count="175" type="stmt"/>
        <line num="34" count="0" type="stmt"/>
      </file>
    </package>
  </project>
</coverage>
