<?xml version="1.0" encoding="UTF-8"?>
<coverage generated="1654086441477" clover="3.2.0">
  <project timestamp="1654086441477" name="All files">
    <metrics statements="99" coveredstatements="92" conditionals="64" coveredconditionals="56" methods="21" coveredmethods="20" elements="184" coveredelements="168" complexity="0" loc="99" ncloc="99" packages="2" files="7" classes="7"/>
    <package name="formatters">
      <metrics statements="62" coveredstatements="58" conditionals="32" coveredconditionals="28" methods="15" coveredmethods="14"/>
      <file name="index.js" path="/home/nikolai/backend-project-lvl2/formatters/index.js">
        <metrics statements="8" coveredstatements="6" conditionals="8" coveredconditionals="6" methods="1" coveredmethods="1"/>
        <line num="5" count="1" type="stmt"/>
        <line num="6" count="15" type="cond" truecount="2" falsecount="0"/>
        <line num="7" count="5" type="stmt"/>
        <line num="9" count="10" type="cond" truecount="1" falsecount="1"/>
        <line num="10" count="0" type="stmt"/>
        <line num="12" count="10" type="cond" truecount="3" falsecount="1"/>
        <line num="13" count="10" type="stmt"/>
        <line num="15" count="0" type="stmt"/>
      </file>
      <file name="json.js" path="/home/nikolai/backend-project-lvl2/formatters/json.js">
        <metrics statements="1" coveredstatements="1" conditionals="0" coveredconditionals="0" methods="1" coveredmethods="0"/>
        <line num="1" count="1" type="stmt"/>
      </file>
      <file name="plain.js" path="/home/nikolai/backend-project-lvl2/formatters/plain.js">
        <metrics statements="24" coveredstatements="23" conditionals="13" coveredconditionals="12" methods="7" coveredmethods="7"/>
        <line num="3" count="1" type="stmt"/>
        <line num="4" count="65" type="cond" truecount="2" falsecount="0"/>
        <line num="5" count="15" type="stmt"/>
        <line num="6" count="50" type="cond" truecount="2" falsecount="0"/>
        <line num="7" count="35" type="stmt"/>
        <line num="9" count="15" type="stmt"/>
        <line num="12" count="1" type="stmt"/>
        <line num="13" count="90" type="cond" truecount="2" falsecount="0"/>
        <line num="14" count="20" type="stmt"/>
        <line num="16" count="70" type="stmt"/>
        <line num="19" count="1" type="stmt"/>
        <line num="34" count="5" type="stmt"/>
        <line num="35" count="20" type="cond" truecount="1" falsecount="0"/>
        <line num="38" count="90" type="stmt"/>
        <line num="39" count="90" type="stmt"/>
        <line num="40" count="90" type="cond" truecount="5" falsecount="1"/>
        <line num="42" count="25" type="stmt"/>
        <line num="44" count="10" type="stmt"/>
        <line num="46" count="20" type="stmt"/>
        <line num="48" count="15" type="stmt"/>
        <line num="50" count="70" type="stmt"/>
        <line num="52" count="0" type="stmt"/>
        <line num="55" count="20" type="stmt"/>
        <line num="57" count="5" type="stmt"/>
      </file>
      <file name="stylish.js" path="/home/nikolai/backend-project-lvl2/formatters/stylish.js">
        <metrics statements="29" coveredstatements="28" conditionals="11" coveredconditionals="10" methods="6" coveredmethods="6"/>
        <line num="3" count="1" type="stmt"/>
        <line num="4" count="1" type="stmt"/>
        <line num="5" count="1" type="stmt"/>
        <line num="6" count="1" type="stmt"/>
        <line num="8" count="490" type="cond" truecount="1" falsecount="0"/>
        <line num="10" count="1" type="stmt"/>
        <line num="11" count="210" type="cond" truecount="2" falsecount="0"/>
        <line num="12" count="140" type="stmt"/>
        <line num="14" count="70" type="stmt"/>
        <line num="15" count="70" type="stmt"/>
        <line num="16" count="70" type="stmt"/>
        <line num="17" count="90" type="cond" truecount="2" falsecount="0"/>
        <line num="18" count="30" type="stmt"/>
        <line num="20" count="60" type="stmt"/>
        <line num="22" count="70" type="stmt"/>
        <line num="25" count="1" type="stmt"/>
        <line num="26" count="10" type="stmt"/>
        <line num="27" count="50" type="stmt"/>
        <line num="28" count="50" type="stmt"/>
        <line num="31" count="180" type="stmt"/>
        <line num="32" count="180" type="cond" truecount="5" falsecount="1"/>
        <line num="34" count="50" type="stmt"/>
        <line num="36" count="20" type="stmt"/>
        <line num="38" count="40" type="stmt"/>
        <line num="41" count="30" type="stmt"/>
        <line num="43" count="40" type="stmt"/>
        <line num="45" count="0" type="stmt"/>
        <line num="48" count="50" type="stmt"/>
        <line num="50" count="10" type="stmt"/>
      </file>
    </package>
    <package name="src">
      <metrics statements="37" coveredstatements="34" conditionals="32" coveredconditionals="28" methods="6" coveredmethods="6"/>
      <file name="index.js" path="/home/nikolai/backend-project-lvl2/src/index.js">
        <metrics statements="7" coveredstatements="7" conditionals="0" coveredconditionals="0" methods="1" coveredmethods="1"/>
        <line num="5" count="1" type="stmt"/>
        <line num="6" count="15" type="stmt"/>
        <line num="7" count="15" type="stmt"/>
        <line num="8" count="15" type="stmt"/>
        <line num="9" count="15" type="stmt"/>
        <line num="10" count="15" type="stmt"/>
        <line num="11" count="15" type="stmt"/>
      </file>
      <file name="parsers.js" path="/home/nikolai/backend-project-lvl2/src/parsers.js">
        <metrics statements="9" coveredstatements="8" conditionals="8" coveredconditionals="7" methods="2" coveredmethods="2"/>
        <line num="5" count="30" type="stmt"/>
        <line num="7" count="1" type="stmt"/>
        <line num="8" count="30" type="cond" truecount="4" falsecount="0"/>
        <line num="9" count="12" type="stmt"/>
        <line num="11" count="18" type="cond" truecount="2" falsecount="0"/>
        <line num="12" count="9" type="stmt"/>
        <line num="14" count="9" type="cond" truecount="1" falsecount="1"/>
        <line num="15" count="9" type="stmt"/>
        <line num="17" count="0" type="stmt"/>
      </file>
      <file name="tree.js" path="/home/nikolai/backend-project-lvl2/src/tree.js">
        <metrics statements="21" coveredstatements="19" conditionals="24" coveredconditionals="21" methods="3" coveredmethods="3"/>
        <line num="3" count="1" type="stmt"/>
        <line num="4" count="75" type="stmt"/>
        <line num="5" count="75" type="stmt"/>
        <line num="6" count="75" type="stmt"/>
        <line num="7" count="270" type="cond" truecount="4" falsecount="0"/>
        <line num="8" count="60" type="stmt"/>
        <line num="10" count="210" type="cond" truecount="4" falsecount="0"/>
        <line num="11" count="105" type="cond" truecount="2" falsecount="0"/>
        <line num="12" count="45" type="stmt"/>
        <line num="14" count="60" type="cond" truecount="1" falsecount="1"/>
        <line num="15" count="60" type="stmt"/>
        <line num="20" count="105" type="cond" truecount="4" falsecount="0"/>
        <line num="21" count="30" type="stmt"/>
        <line num="23" count="75" type="cond" truecount="3" falsecount="1"/>
        <line num="24" count="75" type="stmt"/>
        <line num="26" count="0" type="stmt"/>
        <line num="28" count="315" type="cond" truecount="2" falsecount="0"/>
        <line num="29" count="210" type="stmt"/>
        <line num="31" count="105" type="cond" truecount="1" falsecount="1"/>
        <line num="32" count="105" type="stmt"/>
        <line num="34" count="0" type="stmt"/>
      </file>
    </package>
  </project>
</coverage>
