{"/home/nikolai/backend-project-lvl2/formatters/index.js": {"path":"/home/nikolai/backend-project-lvl2/formatters/index.js","statementMap":{"0":{"start":{"line":5,"column":16},"end":{"line":16,"column":1}},"1":{"start":{"line":6,"column":2},"end":{"line":8,"column":3}},"2":{"start":{"line":7,"column":4},"end":{"line":7,"column":23}},"3":{"start":{"line":9,"column":2},"end":{"line":11,"column":3}},"4":{"start":{"line":10,"column":4},"end":{"line":10,"column":22}},"5":{"start":{"line":12,"column":2},"end":{"line":14,"column":3}},"6":{"start":{"line":13,"column":4},"end":{"line":13,"column":25}},"7":{"start":{"line":15,"column":2},"end":{"line":15,"column":31}}},"fnMap":{"0":{"name":"(anonymous_0)","decl":{"start":{"line":5,"column":16},"end":{"line":5,"column":17}},"loc":{"start":{"line":5,"column":34},"end":{"line":16,"column":1}},"line":5}},"branchMap":{"0":{"loc":{"start":{"line":6,"column":2},"end":{"line":8,"column":3}},"type":"if","locations":[{"start":{"line":6,"column":2},"end":{"line":8,"column":3}},{"start":{},"end":{}}],"line":6},"1":{"loc":{"start":{"line":9,"column":2},"end":{"line":11,"column":3}},"type":"if","locations":[{"start":{"line":9,"column":2},"end":{"line":11,"column":3}},{"start":{},"end":{}}],"line":9},"2":{"loc":{"start":{"line":12,"column":2},"end":{"line":14,"column":3}},"type":"if","locations":[{"start":{"line":12,"column":2},"end":{"line":14,"column":3}},{"start":{},"end":{}}],"line":12},"3":{"loc":{"start":{"line":12,"column":6},"end":{"line":12,"column":50}},"type":"binary-expr","locations":[{"start":{"line":12,"column":6},"end":{"line":12,"column":26}},{"start":{"line":12,"column":30},"end":{"line":12,"column":50}}],"line":12}},"s":{"0":1,"1":15,"2":5,"3":10,"4":0,"5":10,"6":10,"7":0},"f":{"0":15},"b":{"0":[5,10],"1":[0,10],"2":[10,0],"3":[10,5]},"_coverageSchema":"1a1c01bbd47fc00a2c39e90264f33305004495a9","hash":"dd96844bdcdb8b6c4df1e378b67da373508f771d"}
,"/home/nikolai/backend-project-lvl2/formatters/json.js": {"path":"/home/nikolai/backend-project-lvl2/formatters/json.js","statementMap":{"0":{"start":{"line":1,"column":13},"end":{"line":1,"column":43}},"1":{"start":{"line":1,"column":23},"end":{"line":1,"column":43}}},"fnMap":{"0":{"name":"(anonymous_0)","decl":{"start":{"line":1,"column":13},"end":{"line":1,"column":14}},"loc":{"start":{"line":1,"column":23},"end":{"line":1,"column":43}},"line":1}},"branchMap":{},"s":{"0":1,"1":0},"f":{"0":0},"b":{},"_coverageSchema":"1a1c01bbd47fc00a2c39e90264f33305004495a9","hash":"15392c1de358fa36fbb863af3a1b3ad34e1274a1"}
,"/home/nikolai/backend-project-lvl2/formatters/plain.js": {"path":"/home/nikolai/backend-project-lvl2/formatters/plain.js","statementMap":{"0":{"start":{"line":3,"column":23},"end":{"line":10,"column":1}},"1":{"start":{"line":4,"column":2},"end":{"line":6,"column":3}},"2":{"start":{"line":5,"column":4},"end":{"line":5,"column":29}},"3":{"start":{"line":6,"column":4},"end":{"line":8,"column":3}},"4":{"start":{"line":7,"column":4},"end":{"line":7,"column":24}},"5":{"start":{"line":9,"column":2},"end":{"line":9,"column":15}},"6":{"start":{"line":12,"column":18},"end":{"line":17,"column":1}},"7":{"start":{"line":13,"column":2},"end":{"line":15,"column":3}},"8":{"start":{"line":14,"column":4},"end":{"line":14,"column":15}},"9":{"start":{"line":16,"column":2},"end":{"line":16,"column":31}},"10":{"start":{"line":19,"column":14},"end":{"line":58,"column":1}},"11":{"start":{"line":34,"column":17},"end":{"line":56,"column":4}},"12":{"start":{"line":35,"column":17},"end":{"line":54,"column":5}},"13":{"start":{"line":38,"column":10},"end":{"line":38,"column":18}},"14":{"start":{"line":39,"column":21},"end":{"line":39,"column":45}},"15":{"start":{"line":40,"column":6},"end":{"line":53,"column":7}},"16":{"start":{"line":42,"column":10},"end":{"line":42,"column":87}},"17":{"start":{"line":44,"column":10},"end":{"line":44,"column":52}},"18":{"start":{"line":46,"column":10},"end":{"line":46,"column":117}},"19":{"start":{"line":48,"column":10},"end":{"line":48,"column":22}},"20":{"start":{"line":50,"column":10},"end":{"line":50,"column":125}},"21":{"start":{"line":50,"column":45},"end":{"line":50,"column":68}},"22":{"start":{"line":50,"column":93},"end":{"line":50,"column":112}},"23":{"start":{"line":52,"column":10},"end":{"line":52,"column":48}},"24":{"start":{"line":55,"column":4},"end":{"line":55,"column":22}},"25":{"start":{"line":57,"column":2},"end":{"line":57,"column":34}}},"fnMap":{"0":{"name":"(anonymous_0)","decl":{"start":{"line":3,"column":23},"end":{"line":3,"column":24}},"loc":{"start":{"line":3,"column":34},"end":{"line":10,"column":1}},"line":3},"1":{"name":"(anonymous_1)","decl":{"start":{"line":12,"column":18},"end":{"line":12,"column":19}},"loc":{"start":{"line":12,"column":38},"end":{"line":17,"column":1}},"line":12},"2":{"name":"(anonymous_2)","decl":{"start":{"line":19,"column":14},"end":{"line":19,"column":15}},"loc":{"start":{"line":19,"column":24},"end":{"line":58,"column":1}},"line":19},"3":{"name":"(anonymous_3)","decl":{"start":{"line":34,"column":26},"end":{"line":34,"column":27}},"loc":{"start":{"line":34,"column":36},"end":{"line":56,"column":3}},"line":34},"4":{"name":"(anonymous_4)","decl":{"start":{"line":35,"column":17},"end":{"line":35,"column":18}},"loc":{"start":{"line":35,"column":46},"end":{"line":54,"column":5}},"line":35},"5":{"name":"(anonymous_5)","decl":{"start":{"line":50,"column":30},"end":{"line":50,"column":31}},"loc":{"start":{"line":50,"column":45},"end":{"line":50,"column":68}},"line":50},"6":{"name":"(anonymous_6)","decl":{"start":{"line":50,"column":77},"end":{"line":50,"column":78}},"loc":{"start":{"line":50,"column":93},"end":{"line":50,"column":112}},"line":50}},"branchMap":{"0":{"loc":{"start":{"line":4,"column":2},"end":{"line":6,"column":3}},"type":"if","locations":[{"start":{"line":4,"column":2},"end":{"line":6,"column":3}},{"start":{},"end":{}}],"line":4},"1":{"loc":{"start":{"line":6,"column":4},"end":{"line":8,"column":3}},"type":"if","locations":[{"start":{"line":6,"column":4},"end":{"line":8,"column":3}},{"start":{},"end":{}}],"line":6},"2":{"loc":{"start":{"line":13,"column":2},"end":{"line":15,"column":3}},"type":"if","locations":[{"start":{"line":13,"column":2},"end":{"line":15,"column":3}},{"start":{},"end":{}}],"line":13},"3":{"loc":{"start":{"line":35,"column":28},"end":{"line":35,"column":41}},"type":"default-arg","locations":[{"start":{"line":35,"column":39},"end":{"line":35,"column":41}}],"line":35},"4":{"loc":{"start":{"line":40,"column":6},"end":{"line":53,"column":7}},"type":"switch","locations":[{"start":{"line":41,"column":8},"end":{"line":42,"column":87}},{"start":{"line":43,"column":8},"end":{"line":44,"column":52}},{"start":{"line":45,"column":8},"end":{"line":46,"column":117}},{"start":{"line":47,"column":8},"end":{"line":48,"column":22}},{"start":{"line":49,"column":8},"end":{"line":50,"column":125}},{"start":{"line":51,"column":8},"end":{"line":52,"column":48}}],"line":40}},"s":{"0":1,"1":65,"2":15,"3":50,"4":35,"5":15,"6":1,"7":90,"8":20,"9":70,"10":1,"11":5,"12":20,"13":90,"14":90,"15":90,"16":25,"17":10,"18":20,"19":15,"20":20,"21":70,"22":70,"23":0,"24":20,"25":5},"f":{"0":65,"1":90,"2":5,"3":20,"4":90,"5":70,"6":70},"b":{"0":[15,50],"1":[35,15],"2":[20,70],"3":[20],"4":[25,10,20,15,20,0]},"_coverageSchema":"1a1c01bbd47fc00a2c39e90264f33305004495a9","hash":"d45abb4d7e964aca7e2f386e7e2c9195cd4f7bda"}
,"/home/nikolai/backend-project-lvl2/formatters/stylish.js": {"path":"/home/nikolai/backend-project-lvl2/formatters/stylish.js","statementMap":{"0":{"start":{"line":3,"column":12},"end":{"line":3,"column":16}},"1":{"start":{"line":4,"column":23},"end":{"line":4,"column":26}},"2":{"start":{"line":5,"column":23},"end":{"line":5,"column":26}},"3":{"start":{"line":6,"column":22},"end":{"line":6,"column":23}},"4":{"start":{"line":8,"column":19},"end":{"line":8,"column":81}},"5":{"start":{"line":8,"column":52},"end":{"line":8,"column":81}},"6":{"start":{"line":10,"column":26},"end":{"line":23,"column":1}},"7":{"start":{"line":11,"column":2},"end":{"line":13,"column":3}},"8":{"start":{"line":12,"column":4},"end":{"line":12,"column":17}},"9":{"start":{"line":14,"column":17},"end":{"line":14,"column":44}},"10":{"start":{"line":15,"column":20},"end":{"line":15,"column":36}},"11":{"start":{"line":16,"column":15},"end":{"line":21,"column":4}},"12":{"start":{"line":17,"column":4},"end":{"line":19,"column":5}},"13":{"start":{"line":18,"column":6},"end":{"line":18,"column":84}},"14":{"start":{"line":20,"column":4},"end":{"line":20,"column":55}},"15":{"start":{"line":22,"column":2},"end":{"line":22,"column":104}},"16":{"start":{"line":25,"column":16},"end":{"line":51,"column":1}},"17":{"start":{"line":26,"column":15},"end":{"line":49,"column":3}},"18":{"start":{"line":27,"column":19},"end":{"line":27,"column":36}},"19":{"start":{"line":28,"column":19},"end":{"line":47,"column":6}},"20":{"start":{"line":31,"column":10},"end":{"line":31,"column":13}},"21":{"start":{"line":32,"column":6},"end":{"line":46,"column":7}},"22":{"start":{"line":34,"column":10},"end":{"line":34,"column":88}},"23":{"start":{"line":36,"column":10},"end":{"line":36,"column":88}},"24":{"start":{"line":38,"column":10},"end":{"line":39,"column":87}},"25":{"start":{"line":41,"column":10},"end":{"line":41,"column":83}},"26":{"start":{"line":43,"column":10},"end":{"line":43,"column":146}},"27":{"start":{"line":45,"column":10},"end":{"line":45,"column":48}},"28":{"start":{"line":48,"column":4},"end":{"line":48,"column":29}},"29":{"start":{"line":50,"column":2},"end":{"line":50,"column":68}}},"fnMap":{"0":{"name":"(anonymous_0)","decl":{"start":{"line":8,"column":19},"end":{"line":8,"column":20}},"loc":{"start":{"line":8,"column":52},"end":{"line":8,"column":81}},"line":8},"1":{"name":"(anonymous_1)","decl":{"start":{"line":10,"column":26},"end":{"line":10,"column":27}},"loc":{"start":{"line":10,"column":49},"end":{"line":23,"column":1}},"line":10},"2":{"name":"(anonymous_2)","decl":{"start":{"line":16,"column":33},"end":{"line":16,"column":34}},"loc":{"start":{"line":16,"column":56},"end":{"line":21,"column":3}},"line":16},"3":{"name":"(anonymous_3)","decl":{"start":{"line":25,"column":16},"end":{"line":25,"column":17}},"loc":{"start":{"line":25,"column":26},"end":{"line":51,"column":1}},"line":25},"4":{"name":"(anonymous_4)","decl":{"start":{"line":26,"column":15},"end":{"line":26,"column":16}},"loc":{"start":{"line":26,"column":37},"end":{"line":49,"column":3}},"line":26},"5":{"name":"(anonymous_5)","decl":{"start":{"line":28,"column":37},"end":{"line":28,"column":38}},"loc":{"start":{"line":28,"column":46},"end":{"line":47,"column":5}},"line":28}},"branchMap":{"0":{"loc":{"start":{"line":8,"column":37},"end":{"line":8,"column":47}},"type":"default-arg","locations":[{"start":{"line":8,"column":44},"end":{"line":8,"column":47}}],"line":8},"1":{"loc":{"start":{"line":11,"column":2},"end":{"line":13,"column":3}},"type":"if","locations":[{"start":{"line":11,"column":2},"end":{"line":13,"column":3}},{"start":{},"end":{}}],"line":11},"2":{"loc":{"start":{"line":17,"column":4},"end":{"line":19,"column":5}},"type":"if","locations":[{"start":{"line":17,"column":4},"end":{"line":19,"column":5}},{"start":{},"end":{}}],"line":17},"3":{"loc":{"start":{"line":32,"column":6},"end":{"line":46,"column":7}},"type":"switch","locations":[{"start":{"line":33,"column":8},"end":{"line":34,"column":88}},{"start":{"line":35,"column":8},"end":{"line":36,"column":88}},{"start":{"line":37,"column":8},"end":{"line":39,"column":87}},{"start":{"line":40,"column":8},"end":{"line":41,"column":83}},{"start":{"line":42,"column":8},"end":{"line":43,"column":146}},{"start":{"line":44,"column":8},"end":{"line":45,"column":48}}],"line":32}},"s":{"0":1,"1":1,"2":1,"3":1,"4":1,"5":490,"6":1,"7":210,"8":140,"9":70,"10":70,"11":70,"12":90,"13":30,"14":60,"15":70,"16":1,"17":10,"18":50,"19":50,"20":180,"21":180,"22":50,"23":20,"24":40,"25":30,"26":40,"27":0,"28":50,"29":10},"f":{"0":490,"1":210,"2":90,"3":10,"4":50,"5":180},"b":{"0":[340],"1":[140,70],"2":[30,60],"3":[50,20,40,30,40,0]},"_coverageSchema":"1a1c01bbd47fc00a2c39e90264f33305004495a9","hash":"e124531fa99a3d37a50e6a9e5efa13a4c4a1f7ea"}
,"/home/nikolai/backend-project-lvl2/src/index.js": {"path":"/home/nikolai/backend-project-lvl2/src/index.js","statementMap":{"0":{"start":{"line":5,"column":16},"end":{"line":12,"column":1}},"1":{"start":{"line":6,"column":16},"end":{"line":6,"column":33}},"2":{"start":{"line":7,"column":16},"end":{"line":7,"column":33}},"3":{"start":{"line":8,"column":15},"end":{"line":8,"column":32}},"4":{"start":{"line":9,"column":17},"end":{"line":9,"column":38}},"5":{"start":{"line":10,"column":2},"end":{"line":10,"column":22}},"6":{"start":{"line":11,"column":2},"end":{"line":11,"column":16}}},"fnMap":{"0":{"name":"(anonymous_0)","decl":{"start":{"line":5,"column":16},"end":{"line":5,"column":17}},"loc":{"start":{"line":5,"column":50},"end":{"line":12,"column":1}},"line":5}},"branchMap":{},"s":{"0":1,"1":15,"2":15,"3":15,"4":15,"5":15,"6":15},"f":{"0":15},"b":{},"_coverageSchema":"1a1c01bbd47fc00a2c39e90264f33305004495a9","hash":"0d13dfa10b29ead525d79c286579580984aa9bb1"}
,"/home/nikolai/backend-project-lvl2/src/parsers.js": {"path":"/home/nikolai/backend-project-lvl2/src/parsers.js","statementMap":{"0":{"start":{"line":5,"column":17},"end":{"line":5,"column":101}},"1":{"start":{"line":5,"column":31},"end":{"line":5,"column":101}},"2":{"start":{"line":7,"column":15},"end":{"line":18,"column":1}},"3":{"start":{"line":8,"column":2},"end":{"line":10,"column":3}},"4":{"start":{"line":9,"column":4},"end":{"line":9,"column":42}},"5":{"start":{"line":11,"column":2},"end":{"line":13,"column":3}},"6":{"start":{"line":12,"column":4},"end":{"line":12,"column":36}},"7":{"start":{"line":14,"column":2},"end":{"line":16,"column":3}},"8":{"start":{"line":15,"column":4},"end":{"line":15,"column":36}},"9":{"start":{"line":17,"column":2},"end":{"line":17,"column":11}}},"fnMap":{"0":{"name":"(anonymous_0)","decl":{"start":{"line":5,"column":17},"end":{"line":5,"column":18}},"loc":{"start":{"line":5,"column":31},"end":{"line":5,"column":101}},"line":5},"1":{"name":"(anonymous_1)","decl":{"start":{"line":7,"column":15},"end":{"line":7,"column":16}},"loc":{"start":{"line":7,"column":29},"end":{"line":18,"column":1}},"line":7}},"branchMap":{"0":{"loc":{"start":{"line":8,"column":2},"end":{"line":10,"column":3}},"type":"if","locations":[{"start":{"line":8,"column":2},"end":{"line":10,"column":3}},{"start":{},"end":{}}],"line":8},"1":{"loc":{"start":{"line":8,"column":6},"end":{"line":8,"column":73}},"type":"binary-expr","locations":[{"start":{"line":8,"column":6},"end":{"line":8,"column":40}},{"start":{"line":8,"column":44},"end":{"line":8,"column":73}}],"line":8},"2":{"loc":{"start":{"line":11,"column":2},"end":{"line":13,"column":3}},"type":"if","locations":[{"start":{"line":11,"column":2},"end":{"line":13,"column":3}},{"start":{},"end":{}}],"line":11},"3":{"loc":{"start":{"line":14,"column":2},"end":{"line":16,"column":3}},"type":"if","locations":[{"start":{"line":14,"column":2},"end":{"line":16,"column":3}},{"start":{},"end":{}}],"line":14}},"s":{"0":1,"1":30,"2":1,"3":30,"4":12,"5":18,"6":9,"7":9,"8":9,"9":0},"f":{"0":30,"1":30},"b":{"0":[12,18],"1":[30,18],"2":[9,9],"3":[9,0]},"_coverageSchema":"1a1c01bbd47fc00a2c39e90264f33305004495a9","hash":"e4d95241f68c5fd42647c4bbf8ceb6ae573d6fba"}
,"/home/nikolai/backend-project-lvl2/src/tree.js": {"path":"/home/nikolai/backend-project-lvl2/src/tree.js","statementMap":{"0":{"start":{"line":3,"column":12},"end":{"line":36,"column":1}},"1":{"start":{"line":4,"column":15},"end":{"line":4,"column":37}},"2":{"start":{"line":5,"column":15},"end":{"line":5,"column":32}},"3":{"start":{"line":6,"column":2},"end":{"line":35,"column":5}},"4":{"start":{"line":7,"column":4},"end":{"line":9,"column":5}},"5":{"start":{"line":8,"column":6},"end":{"line":8,"column":74}},"6":{"start":{"line":10,"column":4},"end":{"line":19,"column":5}},"7":{"start":{"line":11,"column":6},"end":{"line":13,"column":7}},"8":{"start":{"line":12,"column":8},"end":{"line":12,"column":57}},"9":{"start":{"line":14,"column":6},"end":{"line":18,"column":7}},"10":{"start":{"line":15,"column":8},"end":{"line":17,"column":10}},"11":{"start":{"line":20,"column":4},"end":{"line":22,"column":5}},"12":{"start":{"line":21,"column":6},"end":{"line":21,"column":57}},"13":{"start":{"line":23,"column":4},"end":{"line":25,"column":5}},"14":{"start":{"line":24,"column":6},"end":{"line":24,"column":55}},"15":{"start":{"line":26,"column":4},"end":{"line":26,"column":13}},"16":{"start":{"line":28,"column":4},"end":{"line":30,"column":5}},"17":{"start":{"line":29,"column":6},"end":{"line":29,"column":15}},"18":{"start":{"line":31,"column":4},"end":{"line":33,"column":5}},"19":{"start":{"line":32,"column":6},"end":{"line":32,"column":16}},"20":{"start":{"line":34,"column":4},"end":{"line":34,"column":13}}},"fnMap":{"0":{"name":"(anonymous_0)","decl":{"start":{"line":3,"column":12},"end":{"line":3,"column":13}},"loc":{"start":{"line":3,"column":30},"end":{"line":36,"column":1}},"line":3},"1":{"name":"(anonymous_1)","decl":{"start":{"line":6,"column":18},"end":{"line":6,"column":19}},"loc":{"start":{"line":6,"column":27},"end":{"line":27,"column":3}},"line":6},"2":{"name":"(anonymous_2)","decl":{"start":{"line":27,"column":10},"end":{"line":27,"column":11}},"loc":{"start":{"line":27,"column":20},"end":{"line":35,"column":3}},"line":27}},"branchMap":{"0":{"loc":{"start":{"line":7,"column":4},"end":{"line":9,"column":5}},"type":"if","locations":[{"start":{"line":7,"column":4},"end":{"line":9,"column":5}},{"start":{},"end":{}}],"line":7},"1":{"loc":{"start":{"line":7,"column":8},"end":{"line":7,"column":84}},"type":"binary-expr","locations":[{"start":{"line":7,"column":8},"end":{"line":7,"column":44}},{"start":{"line":7,"column":48},"end":{"line":7,"column":84}}],"line":7},"2":{"loc":{"start":{"line":10,"column":4},"end":{"line":19,"column":5}},"type":"if","locations":[{"start":{"line":10,"column":4},"end":{"line":19,"column":5}},{"start":{},"end":{}}],"line":10},"3":{"loc":{"start":{"line":10,"column":8},"end":{"line":10,"column":64}},"type":"binary-expr","locations":[{"start":{"line":10,"column":8},"end":{"line":10,"column":34}},{"start":{"line":10,"column":38},"end":{"line":10,"column":64}}],"line":10},"4":{"loc":{"start":{"line":11,"column":6},"end":{"line":13,"column":7}},"type":"if","locations":[{"start":{"line":11,"column":6},"end":{"line":13,"column":7}},{"start":{},"end":{}}],"line":11},"5":{"loc":{"start":{"line":14,"column":6},"end":{"line":18,"column":7}},"type":"if","locations":[{"start":{"line":14,"column":6},"end":{"line":18,"column":7}},{"start":{},"end":{}}],"line":14},"6":{"loc":{"start":{"line":20,"column":4},"end":{"line":22,"column":5}},"type":"if","locations":[{"start":{"line":20,"column":4},"end":{"line":22,"column":5}},{"start":{},"end":{}}],"line":20},"7":{"loc":{"start":{"line":20,"column":8},"end":{"line":20,"column":65}},"type":"binary-expr","locations":[{"start":{"line":20,"column":8},"end":{"line":20,"column":34}},{"start":{"line":20,"column":38},"end":{"line":20,"column":65}}],"line":20},"8":{"loc":{"start":{"line":23,"column":4},"end":{"line":25,"column":5}},"type":"if","locations":[{"start":{"line":23,"column":4},"end":{"line":25,"column":5}},{"start":{},"end":{}}],"line":23},"9":{"loc":{"start":{"line":23,"column":8},"end":{"line":23,"column":65}},"type":"binary-expr","locations":[{"start":{"line":23,"column":8},"end":{"line":23,"column":35}},{"start":{"line":23,"column":39},"end":{"line":23,"column":65}}],"line":23},"10":{"loc":{"start":{"line":28,"column":4},"end":{"line":30,"column":5}},"type":"if","locations":[{"start":{"line":28,"column":4},"end":{"line":30,"column":5}},{"start":{},"end":{}}],"line":28},"11":{"loc":{"start":{"line":31,"column":4},"end":{"line":33,"column":5}},"type":"if","locations":[{"start":{"line":31,"column":4},"end":{"line":33,"column":5}},{"start":{},"end":{}}],"line":31}},"s":{"0":1,"1":75,"2":75,"3":75,"4":270,"5":60,"6":210,"7":105,"8":45,"9":60,"10":60,"11":105,"12":30,"13":75,"14":75,"15":0,"16":315,"17":210,"18":105,"19":105,"20":0},"f":{"0":75,"1":270,"2":315},"b":{"0":[60,210],"1":[270,90],"2":[105,105],"3":[210,135],"4":[45,60],"5":[60,0],"6":[30,75],"7":[105,30],"8":[75,0],"9":[75,75],"10":[210,105],"11":[105,0]},"_coverageSchema":"1a1c01bbd47fc00a2c39e90264f33305004495a9","hash":"9163e359f6a603ad816cdebfd085ac8f64c4cecb"}
}
