TN:
SF:formatters/index.js
FN:5,(anonymous_0)
FNF:1
FNH:1
FNDA:25,(anonymous_0)
DA:5,1
DA:6,25
DA:7,6
DA:9,19
DA:10,6
DA:12,13
DA:13,12
DA:15,1
LF:8
LH:8
BRDA:6,0,0,6
BRDA:6,0,1,19
BRDA:9,1,0,6
BRDA:9,1,1,13
BRDA:12,2,0,12
BRDA:12,2,1,1
BRDA:12,3,0,13
BRDA:12,3,1,7
BRF:8
BRH:8
end_of_record
TN:
SF:formatters/json.js
FN:1,(anonymous_0)
FNF:1
FNH:1
FNDA:6,(anonymous_0)
DA:1,6
LF:1
LH:1
BRF:0
BRH:0
end_of_record
TN:
SF:formatters/plain.js
FN:3,(anonymous_0)
FN:12,(anonymous_1)
FN:19,(anonymous_2)
FN:20,(anonymous_3)
FN:21,(anonymous_4)
FN:36,(anonymous_5)
FN:36,(anonymous_6)
FNF:7
FNH:7
FNDA:78,(anonymous_0)
FNDA:108,(anonymous_1)
FNDA:6,(anonymous_2)
FNDA:24,(anonymous_3)
FNDA:108,(anonymous_4)
FNDA:84,(anonymous_5)
FNDA:84,(anonymous_6)
DA:3,1
DA:4,78
DA:5,18
DA:6,60
DA:7,42
DA:9,18
DA:12,1
DA:13,108
DA:14,24
DA:16,84
DA:19,1
DA:20,6
DA:21,24
DA:24,108
DA:25,108
DA:26,108
DA:28,30
DA:30,12
DA:32,24
DA:34,18
DA:36,84
DA:38,0
DA:41,24
DA:43,6
LF:24
LH:23
BRDA:4,0,0,18
BRDA:4,0,1,60
BRDA:6,1,0,42
BRDA:6,1,1,18
BRDA:13,2,0,24
BRDA:13,2,1,84
BRDA:21,3,0,24
BRDA:26,4,0,30
BRDA:26,4,1,12
BRDA:26,4,2,24
BRDA:26,4,3,18
BRDA:26,4,4,24
BRDA:26,4,5,0
BRF:13
BRH:12
end_of_record
TN:
SF:formatters/stylish.js
FN:8,(anonymous_0)
FN:10,(anonymous_1)
FN:16,(anonymous_2)
FN:25,(anonymous_3)
FN:26,(anonymous_4)
FN:28,(anonymous_5)
FNF:6
FNH:6
FNDA:588,(anonymous_0)
FNDA:252,(anonymous_1)
FNDA:108,(anonymous_2)
FNDA:12,(anonymous_3)
FNDA:60,(anonymous_4)
FNDA:216,(anonymous_5)
DA:3,1
DA:4,1
DA:5,1
DA:6,1
DA:8,588
DA:10,1
DA:11,252
DA:12,168
DA:14,84
DA:15,84
DA:16,84
DA:17,108
DA:18,36
DA:20,72
DA:22,84
DA:25,1
DA:26,12
DA:27,60
DA:28,60
DA:31,216
DA:32,216
DA:34,60
DA:36,24
DA:38,48
DA:41,36
DA:43,48
DA:45,0
DA:48,60
DA:50,12
LF:29
LH:28
BRDA:8,0,0,408
BRDA:11,1,0,168
BRDA:11,1,1,84
BRDA:17,2,0,36
BRDA:17,2,1,72
BRDA:32,3,0,60
BRDA:32,3,1,24
BRDA:32,3,2,48
BRDA:32,3,3,36
BRDA:32,3,4,48
BRDA:32,3,5,0
BRF:11
BRH:10
end_of_record
TN:
SF:src/index.js
FN:5,(anonymous_0)
FNF:1
FNH:1
FNDA:25,(anonymous_0)
DA:5,1
DA:6,25
DA:7,25
DA:8,25
DA:9,25
DA:10,25
DA:11,25
LF:7
LH:7
BRF:0
BRH:0
end_of_record
TN:
SF:src/parsers.js
FN:5,(anonymous_0)
FN:7,(anonymous_1)
FNF:2
FNH:2
FNDA:50,(anonymous_0)
FNDA:51,(anonymous_1)
DA:5,50
DA:7,1
DA:8,51
DA:9,18
DA:11,33
DA:12,16
DA:14,17
DA:15,16
DA:17,1
LF:9
LH:9
BRDA:8,0,0,18
BRDA:8,0,1,33
BRDA:8,1,0,51
BRDA:8,1,1,33
BRDA:11,2,0,16
BRDA:11,2,1,17
BRDA:14,3,0,16
BRDA:14,3,1,1
BRF:8
BRH:8
end_of_record
TN:
SF:src/tree.js
FN:3,(anonymous_0)
FN:6,(anonymous_1)
FN:27,(anonymous_2)
FNF:3
FNH:3
FNDA:125,(anonymous_0)
FNDA:450,(anonymous_1)
FNDA:525,(anonymous_2)
DA:3,1
DA:4,125
DA:5,125
DA:6,125
DA:7,450
DA:8,100
DA:10,350
DA:11,175
DA:12,75
DA:14,100
DA:15,100
DA:20,175
DA:21,50
DA:23,125
DA:24,125
DA:26,0
DA:28,525
DA:29,350
DA:31,175
DA:32,175
DA:34,0
LF:21
LH:19
BRDA:7,0,0,100
BRDA:7,0,1,350
BRDA:7,1,0,450
BRDA:7,1,1,150
BRDA:10,2,0,175
BRDA:10,2,1,175
BRDA:10,3,0,350
BRDA:10,3,1,225
BRDA:11,4,0,75
BRDA:11,4,1,100
BRDA:14,5,0,100
BRDA:14,5,1,0
BRDA:20,6,0,50
BRDA:20,6,1,125
BRDA:20,7,0,175
BRDA:20,7,1,50
BRDA:23,8,0,125
BRDA:23,8,1,0
BRDA:23,9,0,125
BRDA:23,9,1,125
BRDA:28,10,0,350
BRDA:28,10,1,175
BRDA:31,11,0,175
BRDA:31,11,1,0
BRF:24
BRH:21
end_of_record
