TN:
SF:formatters/index.js
FN:5,(anonymous_0)
FNF:1
FNH:1
FNDA:15,(anonymous_0)
DA:5,1
DA:6,15
DA:7,5
DA:9,10
DA:10,0
DA:12,10
DA:13,10
DA:15,0
LF:8
LH:6
BRDA:6,0,0,5
BRDA:6,0,1,10
BRDA:9,1,0,0
BRDA:9,1,1,10
BRDA:12,2,0,10
BRDA:12,2,1,0
BRDA:12,3,0,10
BRDA:12,3,1,5
BRF:8
BRH:6
end_of_record
TN:
SF:formatters/json.js
FN:1,(anonymous_0)
FNF:1
FNH:0
FNDA:0,(anonymous_0)
DA:1,1
LF:1
LH:1
BRF:0
BRH:0
end_of_record
TN:
SF:formatters/plain.js
FN:3,(anonymous_0)
FN:12,(anonymous_1)
FN:19,(anonymous_2)
FN:34,(anonymous_3)
FN:35,(anonymous_4)
FN:50,(anonymous_5)
FN:50,(anonymous_6)
FNF:7
FNH:7
FNDA:65,(anonymous_0)
FNDA:90,(anonymous_1)
FNDA:5,(anonymous_2)
FNDA:20,(anonymous_3)
FNDA:90,(anonymous_4)
FNDA:70,(anonymous_5)
FNDA:70,(anonymous_6)
DA:3,1
DA:4,65
DA:5,15
DA:6,50
DA:7,35
DA:9,15
DA:12,1
DA:13,90
DA:14,20
DA:16,70
DA:19,1
DA:34,5
DA:35,20
DA:38,90
DA:39,90
DA:40,90
DA:42,25
DA:44,10
DA:46,20
DA:48,15
DA:50,70
DA:52,0
DA:55,20
DA:57,5
LF:24
LH:23
BRDA:4,0,0,15
BRDA:4,0,1,50
BRDA:6,1,0,35
BRDA:6,1,1,15
BRDA:13,2,0,20
BRDA:13,2,1,70
BRDA:35,3,0,20
BRDA:40,4,0,25
BRDA:40,4,1,10
BRDA:40,4,2,20
BRDA:40,4,3,15
BRDA:40,4,4,20
BRDA:40,4,5,0
BRF:13
BRH:12
end_of_record
TN:
SF:formatters/stylish.js
FN:8,(anonymous_0)
FN:10,(anonymous_1)
FN:16,(anonymous_2)
FN:25,(anonymous_3)
FN:26,(anonymous_4)
FN:28,(anonymous_5)
FNF:6
FNH:6
FNDA:490,(anonymous_0)
FNDA:210,(anonymous_1)
FNDA:90,(anonymous_2)
FNDA:10,(anonymous_3)
FNDA:50,(anonymous_4)
FNDA:180,(anonymous_5)
DA:3,1
DA:4,1
DA:5,1
DA:6,1
DA:8,490
DA:10,1
DA:11,210
DA:12,140
DA:14,70
DA:15,70
DA:16,70
DA:17,90
DA:18,30
DA:20,60
DA:22,70
DA:25,1
DA:26,10
DA:27,50
DA:28,50
DA:31,180
DA:32,180
DA:34,50
DA:36,20
DA:38,40
DA:41,30
DA:43,40
DA:45,0
DA:48,50
DA:50,10
LF:29
LH:28
BRDA:8,0,0,340
BRDA:11,1,0,140
BRDA:11,1,1,70
BRDA:17,2,0,30
BRDA:17,2,1,60
BRDA:32,3,0,50
BRDA:32,3,1,20
BRDA:32,3,2,40
BRDA:32,3,3,30
BRDA:32,3,4,40
BRDA:32,3,5,0
BRF:11
BRH:10
end_of_record
TN:
SF:src/index.js
FN:5,(anonymous_0)
FNF:1
FNH:1
FNDA:15,(anonymous_0)
DA:5,1
DA:6,15
DA:7,15
DA:8,15
DA:9,15
DA:10,15
DA:11,15
LF:7
LH:7
BRF:0
BRH:0
end_of_record
TN:
SF:src/parsers.js
FN:5,(anonymous_0)
FN:7,(anonymous_1)
FNF:2
FNH:2
FNDA:30,(anonymous_0)
FNDA:30,(anonymous_1)
DA:5,30
DA:7,1
DA:8,30
DA:9,12
DA:11,18
DA:12,9
DA:14,9
DA:15,9
DA:17,0
LF:9
LH:8
BRDA:8,0,0,12
BRDA:8,0,1,18
BRDA:8,1,0,30
BRDA:8,1,1,18
BRDA:11,2,0,9
BRDA:11,2,1,9
BRDA:14,3,0,9
BRDA:14,3,1,0
BRF:8
BRH:7
end_of_record
TN:
SF:src/tree.js
FN:3,(anonymous_0)
FN:6,(anonymous_1)
FN:27,(anonymous_2)
FNF:3
FNH:3
FNDA:75,(anonymous_0)
FNDA:270,(anonymous_1)
FNDA:315,(anonymous_2)
DA:3,1
DA:4,75
DA:5,75
DA:6,75
DA:7,270
DA:8,60
DA:10,210
DA:11,105
DA:12,45
DA:14,60
DA:15,60
DA:20,105
DA:21,30
DA:23,75
DA:24,75
DA:26,0
DA:28,315
DA:29,210
DA:31,105
DA:32,105
DA:34,0
LF:21
LH:19
BRDA:7,0,0,60
BRDA:7,0,1,210
BRDA:7,1,0,270
BRDA:7,1,1,90
BRDA:10,2,0,105
BRDA:10,2,1,105
BRDA:10,3,0,210
BRDA:10,3,1,135
BRDA:11,4,0,45
BRDA:11,4,1,60
BRDA:14,5,0,60
BRDA:14,5,1,0
BRDA:20,6,0,30
BRDA:20,6,1,75
BRDA:20,7,0,105
BRDA:20,7,1,30
BRDA:23,8,0,75
BRDA:23,8,1,0
BRDA:23,9,0,75
BRDA:23,9,1,75
BRDA:28,10,0,210
BRDA:28,10,1,105
BRDA:31,11,0,105
BRDA:31,11,1,0
BRF:24
BRH:21
end_of_record
